Mar-10 16:49:28.418 [main] DEBUG nextflow.cli.Launcher - $> nextflow run tutorial.nf
Mar-10 16:49:28.462 [main] INFO  nextflow.cli.CmdRun - N E X T F L O W  ~  version 23.10.1
Mar-10 16:49:28.479 [main] DEBUG nextflow.plugin.PluginsFacade - Setting up plugin manager > mode=prod; embedded=false; plugins-dir=/root/.nextflow/plugins; core-plugins: nf-amazon@2.1.4,nf-azure@1.3.3,nf-cloudcache@0.3.0,nf-codecommit@0.1.5,nf-console@1.0.6,nf-ga4gh@1.1.0,nf-google@1.8.3,nf-tower@1.6.3,nf-wave@1.0.1
Mar-10 16:49:28.486 [main] INFO  o.pf4j.DefaultPluginStatusProvider - Enabled plugins: []
Mar-10 16:49:28.486 [main] INFO  o.pf4j.DefaultPluginStatusProvider - Disabled plugins: []
Mar-10 16:49:28.488 [main] INFO  org.pf4j.DefaultPluginManager - PF4J version 3.4.1 in 'deployment' mode
Mar-10 16:49:28.495 [main] INFO  org.pf4j.AbstractPluginManager - No plugins
Mar-10 16:49:28.544 [main] DEBUG nextflow.cli.CmdRun - Applied DSL=2 by global default
Mar-10 16:49:28.560 [main] INFO  nextflow.cli.CmdRun - Launching `tutorial.nf` [evil_legentil] DSL2 - revision: ac9043fc6c
Mar-10 16:49:28.561 [main] DEBUG nextflow.plugin.PluginsFacade - Plugins default=[]
Mar-10 16:49:28.561 [main] DEBUG nextflow.plugin.PluginsFacade - Plugins resolved requirement=[]
Mar-10 16:49:28.568 [main] DEBUG n.secret.LocalSecretsProvider - Secrets store: /root/.nextflow/secrets/store.json
Mar-10 16:49:28.574 [main] DEBUG nextflow.secret.SecretsLoader - Discovered secrets providers: [nextflow.secret.LocalSecretsProvider@2b87581] - activable => nextflow.secret.LocalSecretsProvider@2b87581
Mar-10 16:49:28.628 [main] DEBUG nextflow.Session - Session UUID: eb9517e2-585c-4e8f-9b6c-66ab32c7b2de
Mar-10 16:49:28.628 [main] DEBUG nextflow.Session - Run name: evil_legentil
Mar-10 16:49:28.630 [main] DEBUG nextflow.Session - Executor pool size: 16
Mar-10 16:49:28.637 [main] DEBUG nextflow.file.FilePorter - File porter settings maxRetries=3; maxTransfers=50; pollTimeout=null
Mar-10 16:49:28.642 [main] DEBUG nextflow.util.ThreadPoolBuilder - Creating thread pool 'FileTransfer' minSize=10; maxSize=48; workQueue=LinkedBlockingQueue[10000]; allowCoreThreadTimeout=false
Mar-10 16:49:28.667 [main] DEBUG nextflow.cli.CmdRun - 
  Version: 23.10.1 build 5891
  Created: 12-01-2024 22:01 UTC (13-01-2024 04:01 BDST)
  System: Linux 5.15.0-100-generic
  Runtime: Groovy 3.0.19 on OpenJDK 64-Bit Server VM 17.0.10+7-Ubuntu-122.04.1
  Encoding: UTF-8 (UTF-8)
  Process: 656323@asus-ROG-Strix-G513QM-G513QM [127.0.1.1]
  CPUs: 16 - Mem: 30.8 GB (17.5 GB) - Swap: 2 GB (2 GB)
Mar-10 16:49:28.690 [main] DEBUG nextflow.Session - Work-dir: /home/asus/Desktop/Nextflow/scripts/work [ext2/ext3]
Mar-10 16:49:28.690 [main] DEBUG nextflow.Session - Script base path does not exist or is not a directory: /home/asus/Desktop/Nextflow/scripts/bin
Mar-10 16:49:28.697 [main] DEBUG nextflow.executor.ExecutorFactory - Extension executors providers=[]
Mar-10 16:49:28.705 [main] DEBUG nextflow.Session - Observer factory: DefaultObserverFactory
Mar-10 16:49:28.724 [main] DEBUG nextflow.cache.CacheFactory - Using Nextflow cache factory: nextflow.cache.DefaultCacheFactory
Mar-10 16:49:28.733 [main] DEBUG nextflow.util.CustomThreadPool - Creating default thread pool > poolSize: 17; maxThreads: 1000
Mar-10 16:49:28.784 [main] DEBUG nextflow.Session - Session start
Mar-10 16:49:29.246 [main] DEBUG nextflow.script.ScriptRunner - > Launching execution
Mar-10 16:49:29.312 [main] DEBUG nextflow.executor.ExecutorFactory - << taskConfig executor: null
Mar-10 16:49:29.312 [main] DEBUG nextflow.executor.ExecutorFactory - >> processorType: 'local'
Mar-10 16:49:29.317 [main] DEBUG nextflow.executor.Executor - [warm up] executor > local
Mar-10 16:49:29.322 [main] DEBUG n.processor.LocalPollingMonitor - Creating local task monitor for executor 'local' > cpus=16; memory=30.8 GB; capacity=16; pollInterval=100ms; dumpInterval=5m
Mar-10 16:49:29.324 [main] DEBUG n.processor.TaskPollingMonitor - >>> barrier register (monitor: local)
Mar-10 16:49:29.429 [main] DEBUG nextflow.executor.ExecutorFactory - << taskConfig executor: null
Mar-10 16:49:29.429 [main] DEBUG nextflow.executor.ExecutorFactory - >> processorType: 'local'
Mar-10 16:49:29.441 [main] DEBUG nextflow.Session - Workflow process names [dsl2]: convertToUpper, splitLetters
Mar-10 16:49:29.442 [main] DEBUG nextflow.Session - Igniting dataflow network (2)
Mar-10 16:49:29.442 [main] DEBUG nextflow.processor.TaskProcessor - Starting process > splitLetters
Mar-10 16:49:29.442 [main] DEBUG nextflow.processor.TaskProcessor - Starting process > convertToUpper
Mar-10 16:49:29.443 [main] DEBUG nextflow.script.ScriptRunner - Parsed script files:
  Script_127be61c3d1512e4: /home/asus/Desktop/Nextflow/scripts/tutorial.nf
Mar-10 16:49:29.443 [main] DEBUG nextflow.script.ScriptRunner - > Awaiting termination 
Mar-10 16:49:29.443 [main] DEBUG nextflow.Session - Session await
Mar-10 16:49:29.581 [Task submitter] DEBUG n.executor.local.LocalTaskHandler - Launch cmd line: /bin/bash -ue .command.run
Mar-10 16:49:29.584 [Task submitter] INFO  nextflow.Session - [27/709d95] Submitted process > splitLetters
Mar-10 16:49:29.593 [Task monitor] DEBUG n.processor.TaskPollingMonitor - Task completed > TaskHandler[id: 1; name: splitLetters; status: COMPLETED; exit: 0; error: -; workDir: /home/asus/Desktop/Nextflow/scripts/work/27/709d95918a34654ba5af04c6cce99a]
Mar-10 16:49:29.630 [Task submitter] DEBUG n.executor.local.LocalTaskHandler - Launch cmd line: /bin/bash -ue .command.run
Mar-10 16:49:29.630 [Task submitter] INFO  nextflow.Session - [54/f9d9b2] Submitted process > convertToUpper (1)
Mar-10 16:49:29.635 [Task submitter] DEBUG n.executor.local.LocalTaskHandler - Launch cmd line: /bin/bash -ue .command.run
Mar-10 16:49:29.636 [Task submitter] INFO  nextflow.Session - [99/a74f29] Submitted process > convertToUpper (2)
Mar-10 16:49:29.637 [Task monitor] DEBUG n.processor.TaskPollingMonitor - Task completed > TaskHandler[id: 2; name: convertToUpper (1); status: COMPLETED; exit: 0; error: -; workDir: /home/asus/Desktop/Nextflow/scripts/work/54/f9d9b2008e4e6fcbd9eb25398af65c]
Mar-10 16:49:29.643 [Task monitor] DEBUG n.processor.TaskPollingMonitor - Task completed > TaskHandler[id: 3; name: convertToUpper (2); status: COMPLETED; exit: 0; error: -; workDir: /home/asus/Desktop/Nextflow/scripts/work/99/a74f29da0803ecf716fd04121da472]
Mar-10 16:49:29.644 [main] DEBUG nextflow.Session - Session await > all processes finished
Mar-10 16:49:29.649 [Task monitor] DEBUG n.processor.TaskPollingMonitor - <<< barrier arrives (monitor: local) - terminating tasks monitor poll loop
Mar-10 16:49:29.649 [main] DEBUG nextflow.Session - Session await > all barriers passed
Mar-10 16:49:29.653 [main] DEBUG n.trace.WorkflowStatsObserver - Workflow completed > WorkflowStats[succeededCount=3; failedCount=0; ignoredCount=0; cachedCount=0; pendingCount=0; submittedCount=0; runningCount=0; retriesCount=0; abortedCount=0; succeedDuration=5ms; failedDuration=0ms; cachedDuration=0ms;loadCpus=0; loadMemory=0; peakRunning=1; peakCpus=1; peakMemory=0; ]
Mar-10 16:49:29.810 [main] DEBUG nextflow.cache.CacheDB - Closing CacheDB done
Mar-10 16:49:29.819 [main] DEBUG nextflow.util.ThreadPoolManager - Thread pool 'FileTransfer' shutdown completed (hard=false)
Mar-10 16:49:29.819 [main] DEBUG nextflow.script.ScriptRunner - > Execution complete -- Goodbye
